Flat profile:

Each sample counts as 0.01 seconds.
  %   cumulative   self              self     total           
 time   seconds   seconds    calls  us/call  us/call  name    
 25.81      0.08     0.08    89486     0.89     3.46  drive_machine
  9.68      0.11     0.03   538812     0.06     0.06  conn_set_state
  9.68      0.14     0.03    88754     0.34     0.34  ntohll
  9.68      0.17     0.03    88417     0.34     0.34  htonll
  9.68      0.20     0.03    77734     0.39     0.39  item_get
  6.45      0.22     0.02   170050     0.12     0.12  add_iov
  6.45      0.24     0.02    90009     0.22     0.22  tcp_sendmsg
  6.45      0.26     0.02    88809     0.23     0.23  tcp_read
  6.45      0.28     0.02    87692     0.23     0.28  bin_read_key
  3.23      0.29     0.01    97624     0.10     1.08  complete_nread
  3.23      0.30     0.01    87552     0.11     0.74  try_read_command_binary
  3.23      0.31     0.01    78746     0.13     0.77  write_bin_error
  0.00      0.31     0.00   179174     0.00     0.00  add_msghdr
  0.00      0.31     0.00   171596     0.00     0.00  ensure_iov_space
  0.00      0.31     0.00    99401     0.00     0.00  MurmurHash3_x86_32
  0.00      0.31     0.00    88424     0.00     0.46  add_bin_header
  0.00      0.31     0.00    88049     0.00     0.00  conn_release_items
  0.00      0.31     0.00    87754     0.00     0.00  assoc_find
  0.00      0.31     0.00    86976     0.00     0.00  do_item_get
  0.00      0.31     0.00    86696     0.00     0.00  update_event
  0.00      0.31     0.00    26229     0.00     0.00  do_item_remove
  0.00      0.31     0.00    18079     0.00     0.00  STATS_LOCK
  0.00      0.31     0.00    17835     0.00     0.00  STATS_UNLOCK
  0.00      0.31     0.00    16939     0.00     0.00  do_slabs_free
  0.00      0.31     0.00    12144     0.00     0.00  lru_pull_tail
  0.00      0.31     0.00     9606     0.00     0.00  item_is_flushed
  0.00      0.31     0.00     8573     0.00     0.00  item_link_q
  0.00      0.31     0.00     8498     0.00     0.00  do_item_link_q
  0.00      0.31     0.00     8473     0.00     0.00  do_item_unlink_q
  0.00      0.31     0.00     8417     0.00     0.00  do_item_unlink
  0.00      0.31     0.00     8308     0.00     0.00  do_item_replace
  0.00      0.31     0.00     8295     0.00     0.00  item_free
  0.00      0.31     0.00     8289     0.00     0.00  item_stats_sizes_add
  0.00      0.31     0.00     8264     0.00     0.00  slabs_free
  0.00      0.31     0.00     8262     0.00     0.52  try_read_command_asciiauth
  0.00      0.31     0.00     8243     0.00     0.00  do_item_alloc
  0.00      0.31     0.00     8222     0.00     0.00  assoc_insert
  0.00      0.31     0.00     8218     0.00     0.00  assoc_delete
  0.00      0.31     0.00     8185     0.00     0.00  item_remove
  0.00      0.31     0.00     8183     0.00     0.00  get_cas_id
  0.00      0.31     0.00     8171     0.00     0.00  item_stats_sizes_remove
  0.00      0.31     0.00     8160     0.00     0.00  do_item_link
  0.00      0.31     0.00     8153     0.00     0.00  slabs_alloc
  0.00      0.31     0.00     8149     0.00     0.00  item_unlink_q
  0.00      0.31     0.00     8128     0.00     0.00  store_item
  0.00      0.31     0.00     8098     0.00     0.00  do_store_item
  0.00      0.31     0.00     8093     0.00     0.00  do_item_alloc_pull
  0.00      0.31     0.00     8091     0.00     0.00  slabs_clsid
  0.00      0.31     0.00     8080     0.00     0.00  binary_get_request
  0.00      0.31     0.00     8074     0.00     0.00  do_slabs_alloc
  0.00      0.31     0.00     8034     0.00     0.00  item_replace
  0.00      0.31     0.00     7972     0.00     0.00  item_alloc
  0.00      0.31     0.00     3864     0.00     0.00  slabs_available_chunks
  0.00      0.31     0.00     2427     0.00     0.00  bipbuf_peek_all
  0.00      0.31     0.00     1507     0.00     0.00  item_trylock_unlock
  0.00      0.31     0.00     1484     0.00     0.00  item_trylock
  0.00      0.31     0.00      255     0.00     0.00  crawler_expired_doneclass
  0.00      0.31     0.00      255     0.00     0.00  do_item_crawl_q
  0.00      0.31     0.00      255     0.00     0.00  do_item_linktail_q
  0.00      0.31     0.00      255     0.00     0.00  do_item_stats_add_crawl
  0.00      0.31     0.00      255     0.00     0.00  do_item_unlinktail_q
  0.00      0.31     0.00      255     0.00     0.00  lru_crawler_class_done
  0.00      0.31     0.00      247     0.00     0.00  logger_thread_read
  0.00      0.31     0.00      200     0.00     0.00  conn_new
  0.00      0.31     0.00      199     0.00     0.00  cq_push
  0.00      0.31     0.00      199     0.00     0.00  cqi_new
  0.00      0.31     0.00      199     0.00     0.00  dispatch_conn_new
  0.00      0.31     0.00      193     0.00     0.06  conn_close
  0.00      0.31     0.00      192     0.00     0.00  conn_cleanup
  0.00      0.31     0.00      156     0.00     0.73  try_read_command_negotiate
  0.00      0.31     0.00       52     0.00     0.00  logger_thread_poll_watchers
  0.00      0.31     0.00        9     0.00     0.00  bipbuf_new
  0.00      0.31     0.00        6     0.00     0.00  fill_item_stats_automove
  0.00      0.31     0.00        6     0.00     0.00  fill_slab_stats_automove
  0.00      0.31     0.00        5     0.00     0.00  assoc_start_expand
  0.00      0.31     0.00        5     0.00     0.00  logger_create
  0.00      0.31     0.00        5     0.00     0.00  slab_automove_run
  0.00      0.31     0.00        4     0.00     0.00  cache_create
  0.00      0.31     0.00        4     0.00     0.00  item_lru_bump_buf_create
  0.00      0.31     0.00        4     0.00     0.00  register_thread_initialized
  0.00      0.31     0.00        1     0.00     0.00  crawler_expired_finalize
  0.00      0.31     0.00        1     0.00     0.00  crawler_expired_init
  0.00      0.31     0.00        1     0.00     0.00  do_slabs_newslab
  0.00      0.31     0.00        1     0.00     0.00  grow_slab_list
  0.00      0.31     0.00        1     0.00     0.00  lru_crawler_start
  0.00      0.31     0.00        1     0.00     0.00  memory_allocate
  0.00      0.31     0.00        1     0.00     0.00  slab_automove_init

 %         the percentage of the total running time of the
time       program used by this function.

cumulative a running sum of the number of seconds accounted
 seconds   for by this function and those listed above it.

 self      the number of seconds accounted for by this
seconds    function alone.  This is the major sort for this
           listing.

calls      the number of times this function was invoked, if
           this function is profiled, else blank.

 self      the average number of milliseconds spent in this
ms/call    function per call, if this function is profiled,
	   else blank.

 total     the average number of milliseconds spent in this
ms/call    function and its descendents per call, if this
	   function is profiled, else blank.

name       the name of the function.  This is the minor sort
           for this listing. The index shows the location of
	   the function in the gprof listing. If the index is
	   in parenthesis it shows where it would appear in
	   the gprof listing if it were to be printed.

Copyright (C) 2012-2018 Free Software Foundation, Inc.

Copying and distribution of this file, with or without modification,
are permitted in any medium without royalty provided the copyright
notice and this notice are preserved.

		     Call graph (explanation follows)


granularity: each sample hit covers 2 byte(s) for 3.23% of 0.31 seconds

index % time    self  children    called     name
                0.08    0.23   89486/89486       event_handler [2]
[1]    100.0    0.08    0.23   89486         drive_machine [1]
                0.01    0.10   97624/97624       complete_nread [3]
                0.01    0.05   87398/87552       try_read_command_binary [4]
                0.02    0.00   90009/90009       tcp_sendmsg [13]
                0.02    0.00   88809/88809       tcp_read [14]
                0.02    0.00  352104/538812      conn_set_state [7]
                0.00    0.00     156/156         try_read_command_negotiate [16]
                0.00    0.00     193/193         conn_close [17]
                0.00    0.00   87853/88049       conn_release_items [21]
                0.00    0.00   86696/86696       update_event [24]
                0.00    0.00     199/199         dispatch_conn_new [70]
-----------------------------------------------
                                                 <spontaneous>
[2]    100.0    0.00    0.31                 event_handler [2]
                0.08    0.23   89486/89486       drive_machine [1]
-----------------------------------------------
                0.01    0.10   97624/97624       drive_machine [1]
[3]     34.0    0.01    0.10   97624         complete_nread [3]
                0.01    0.05   78746/78746       write_bin_error [5]
                0.03    0.00   77734/77734       item_get [10]
                0.00    0.00    8262/8262        try_read_command_asciiauth [15]
                0.00    0.00    8347/538812      conn_set_state [7]
                0.00    0.00    8185/8185        item_remove [42]
                0.00    0.00    8128/8128        store_item [48]
                0.00    0.00    8080/8080        binary_get_request [52]
                0.00    0.00    7972/7972        item_alloc [55]
-----------------------------------------------
                0.00    0.00     154/87552       try_read_command_negotiate [16]
                0.01    0.05   87398/87552       drive_machine [1]
[4]     20.9    0.01    0.05   87552         try_read_command_binary [4]
                0.03    0.00   88754/88754       ntohll [8]
                0.02    0.00   87692/87692       bin_read_key [11]
                0.00    0.00   90181/179174      add_msghdr [18]
-----------------------------------------------
                0.01    0.05   78746/78746       complete_nread [3]
[5]     19.6    0.01    0.05   78746         write_bin_error [5]
                0.00    0.04   80035/88424       add_bin_header [6]
                0.01    0.00   79699/170050      add_iov [12]
                0.00    0.00   81551/538812      conn_set_state [7]
-----------------------------------------------
                0.00    0.00    8389/88424       try_read_command_asciiauth [15]
                0.00    0.04   80035/88424       write_bin_error [5]
[6]     13.1    0.00    0.04   88424         add_bin_header [6]
                0.03    0.00   88417/88417       htonll [9]
                0.01    0.00   90351/170050      add_iov [12]
                0.00    0.00   88993/179174      add_msghdr [18]
-----------------------------------------------
                0.00    0.00     191/538812      conn_close [17]
                0.00    0.00    8186/538812      try_read_command_asciiauth [15]
                0.00    0.00    8347/538812      complete_nread [3]
                0.00    0.00   81551/538812      write_bin_error [5]
                0.00    0.00   88433/538812      bin_read_key [11]
                0.02    0.00  352104/538812      drive_machine [1]
[7]      9.7    0.03    0.00  538812         conn_set_state [7]
-----------------------------------------------
                0.03    0.00   88754/88754       try_read_command_binary [4]
[8]      9.7    0.03    0.00   88754         ntohll [8]
-----------------------------------------------
                0.03    0.00   88417/88417       add_bin_header [6]
[9]      9.7    0.03    0.00   88417         htonll [9]
-----------------------------------------------
                0.03    0.00   77734/77734       complete_nread [3]
[10]     9.7    0.03    0.00   77734         item_get [10]
                0.00    0.00   81012/99401       MurmurHash3_x86_32 [20]
                0.00    0.00   78724/86976       do_item_get [23]
-----------------------------------------------
                0.02    0.00   87692/87692       try_read_command_binary [4]
[11]     8.0    0.02    0.00   87692         bin_read_key [11]
                0.00    0.00   88433/538812      conn_set_state [7]
-----------------------------------------------
                0.01    0.00   79699/170050      write_bin_error [5]
                0.01    0.00   90351/170050      add_bin_header [6]
[12]     6.5    0.02    0.00  170050         add_iov [12]
                0.00    0.00  171596/171596      ensure_iov_space [19]
-----------------------------------------------
                0.02    0.00   90009/90009       drive_machine [1]
[13]     6.5    0.02    0.00   90009         tcp_sendmsg [13]
-----------------------------------------------
                0.02    0.00   88809/88809       drive_machine [1]
[14]     6.5    0.02    0.00   88809         tcp_read [14]
-----------------------------------------------
                0.00    0.00    8262/8262        complete_nread [3]
[15]     1.4    0.00    0.00    8262         try_read_command_asciiauth [15]
                0.00    0.00    8389/88424       add_bin_header [6]
                0.00    0.00    8186/538812      conn_set_state [7]
-----------------------------------------------
                0.00    0.00     156/156         drive_machine [1]
[16]     0.0    0.00    0.00     156         try_read_command_negotiate [16]
                0.00    0.00     154/87552       try_read_command_binary [4]
-----------------------------------------------
                0.00    0.00     193/193         drive_machine [1]
[17]     0.0    0.00    0.00     193         conn_close [17]
                0.00    0.00     191/538812      conn_set_state [7]
                0.00    0.00     194/18079       STATS_LOCK [26]
                0.00    0.00     192/192         conn_cleanup [71]
                0.00    0.00     191/17835       STATS_UNLOCK [27]
-----------------------------------------------
                0.00    0.00   88993/179174      add_bin_header [6]
                0.00    0.00   90181/179174      try_read_command_binary [4]
[18]     0.0    0.00    0.00  179174         add_msghdr [18]
-----------------------------------------------
                0.00    0.00  171596/171596      add_iov [12]
[19]     0.0    0.00    0.00  171596         ensure_iov_space [19]
-----------------------------------------------
                0.00    0.00    1507/99401       lru_pull_tail [29]
                0.00    0.00    8378/99401       store_item [48]
                0.00    0.00    8504/99401       item_remove [42]
                0.00    0.00   81012/99401       item_get [10]
[20]     0.0    0.00    0.00   99401         MurmurHash3_x86_32 [20]
-----------------------------------------------
                0.00    0.00     196/88049       conn_cleanup [71]
                0.00    0.00   87853/88049       drive_machine [1]
[21]     0.0    0.00    0.00   88049         conn_release_items [21]
-----------------------------------------------
                0.00    0.00   87754/87754       do_item_get [23]
[22]     0.0    0.00    0.00   87754         assoc_find [22]
-----------------------------------------------
                0.00    0.00    8252/86976       do_store_item [49]
                0.00    0.00   78724/86976       item_get [10]
[23]     0.0    0.00    0.00   86976         do_item_get [23]
                0.00    0.00   87754/87754       assoc_find [22]
                0.00    0.00    8106/9606        item_is_flushed [30]
-----------------------------------------------
                0.00    0.00   86696/86696       drive_machine [1]
[24]     0.0    0.00    0.00   86696         update_event [24]
-----------------------------------------------
                0.00    0.00    1503/26229       lru_pull_tail [29]
                0.00    0.00    8060/26229       do_item_unlink [34]
                0.00    0.00    8226/26229       do_store_item [49]
                0.00    0.00    8440/26229       item_remove [42]
[25]     0.0    0.00    0.00   26229         do_item_remove [25]
                0.00    0.00    8295/8295        item_free [36]
-----------------------------------------------
                0.00    0.00       1/18079       logger_init [175]
                0.00    0.00       1/18079       item_crawler_thread [153]
                0.00    0.00      51/18079       logger_thread [178]
                0.00    0.00     194/18079       conn_close [17]
                0.00    0.00     256/18079       lru_crawler_start [86]
                0.00    0.00     403/18079       conn_new [67]
                0.00    0.00     550/18079       lru_maintainer_thread [188]
                0.00    0.00    8220/18079       do_item_unlink [34]
                0.00    0.00    8403/18079       do_item_link [45]
[26]     0.0    0.00    0.00   18079         STATS_LOCK [26]
-----------------------------------------------
                0.00    0.00       1/17835       logger_init [175]
                0.00    0.00       1/17835       item_crawler_thread [153]
                0.00    0.00      52/17835       logger_thread [178]
                0.00    0.00     191/17835       conn_close [17]
                0.00    0.00     256/17835       lru_crawler_start [86]
                0.00    0.00     402/17835       conn_new [67]
                0.00    0.00     542/17835       lru_maintainer_thread [188]
                0.00    0.00    8162/17835       do_item_unlink [34]
                0.00    0.00    8228/17835       do_item_link [45]
[27]     0.0    0.00    0.00   17835         STATS_UNLOCK [27]
-----------------------------------------------
                0.00    0.00    8201/16939       slabs_free [38]
                0.00    0.00    8738/16939       do_slabs_newslab [84]
[28]     0.0    0.00    0.00   16939         do_slabs_free [28]
-----------------------------------------------
                0.00    0.00   12144/12144       lru_maintainer_thread [188]
[29]     0.0    0.00    0.00   12144         lru_pull_tail [29]
                0.00    0.00    1507/99401       MurmurHash3_x86_32 [20]
                0.00    0.00    1507/1507        item_trylock_unlock [58]
                0.00    0.00    1503/26229       do_item_remove [25]
                0.00    0.00    1500/9606        item_is_flushed [30]
                0.00    0.00    1484/1484        item_trylock [59]
                0.00    0.00     262/8473        do_item_unlink_q [33]
                0.00    0.00     251/8573        item_link_q [31]
-----------------------------------------------
                0.00    0.00    1500/9606        lru_pull_tail [29]
                0.00    0.00    8106/9606        do_item_get [23]
[30]     0.0    0.00    0.00    9606         item_is_flushed [30]
-----------------------------------------------
                0.00    0.00     251/8573        lru_pull_tail [29]
                0.00    0.00    8322/8573        do_item_link [45]
[31]     0.0    0.00    0.00    8573         item_link_q [31]
                0.00    0.00    8498/8498        do_item_link_q [32]
-----------------------------------------------
                0.00    0.00    8498/8498        item_link_q [31]
[32]     0.0    0.00    0.00    8498         do_item_link_q [32]
-----------------------------------------------
                0.00    0.00     262/8473        lru_pull_tail [29]
                0.00    0.00    8211/8473        item_unlink_q [47]
[33]     0.0    0.00    0.00    8473         do_item_unlink_q [33]
-----------------------------------------------
                0.00    0.00    8417/8417        do_item_replace [35]
[34]     0.0    0.00    0.00    8417         do_item_unlink [34]
                0.00    0.00    8220/18079       STATS_LOCK [26]
                0.00    0.00    8218/8218        assoc_delete [41]
                0.00    0.00    8171/8171        item_stats_sizes_remove [44]
                0.00    0.00    8162/17835       STATS_UNLOCK [27]
                0.00    0.00    8149/8149        item_unlink_q [47]
                0.00    0.00    8060/26229       do_item_remove [25]
-----------------------------------------------
                0.00    0.00    8308/8308        item_replace [54]
[35]     0.0    0.00    0.00    8308         do_item_replace [35]
                0.00    0.00    8417/8417        do_item_unlink [34]
                0.00    0.00    8122/8160        do_item_link [45]
-----------------------------------------------
                0.00    0.00    8295/8295        do_item_remove [25]
[36]     0.0    0.00    0.00    8295         item_free [36]
                0.00    0.00    8264/8264        slabs_free [38]
-----------------------------------------------
                0.00    0.00    8289/8289        do_item_link [45]
[37]     0.0    0.00    0.00    8289         item_stats_sizes_add [37]
-----------------------------------------------
                0.00    0.00    8264/8264        item_free [36]
[38]     0.0    0.00    0.00    8264         slabs_free [38]
                0.00    0.00    8201/16939       do_slabs_free [28]
-----------------------------------------------
                0.00    0.00    8243/8243        item_alloc [55]
[39]     0.0    0.00    0.00    8243         do_item_alloc [39]
                0.00    0.00    8093/8093        do_item_alloc_pull [50]
                0.00    0.00    8091/8091        slabs_clsid [51]
-----------------------------------------------
                0.00    0.00    8222/8222        do_item_link [45]
[40]     0.0    0.00    0.00    8222         assoc_insert [40]
-----------------------------------------------
                0.00    0.00    8218/8218        do_item_unlink [34]
[41]     0.0    0.00    0.00    8218         assoc_delete [41]
-----------------------------------------------
                0.00    0.00    8185/8185        complete_nread [3]
[42]     0.0    0.00    0.00    8185         item_remove [42]
                0.00    0.00    8504/99401       MurmurHash3_x86_32 [20]
                0.00    0.00    8440/26229       do_item_remove [25]
-----------------------------------------------
                0.00    0.00    8183/8183        do_item_link [45]
[43]     0.0    0.00    0.00    8183         get_cas_id [43]
-----------------------------------------------
                0.00    0.00    8171/8171        do_item_unlink [34]
[44]     0.0    0.00    0.00    8171         item_stats_sizes_remove [44]
-----------------------------------------------
                0.00    0.00      38/8160        do_store_item [49]
                0.00    0.00    8122/8160        do_item_replace [35]
[45]     0.0    0.00    0.00    8160         do_item_link [45]
                0.00    0.00    8403/18079       STATS_LOCK [26]
                0.00    0.00    8322/8573        item_link_q [31]
                0.00    0.00    8289/8289        item_stats_sizes_add [37]
                0.00    0.00    8228/17835       STATS_UNLOCK [27]
                0.00    0.00    8222/8222        assoc_insert [40]
                0.00    0.00    8183/8183        get_cas_id [43]
-----------------------------------------------
                0.00    0.00    8153/8153        do_item_alloc_pull [50]
[46]     0.0    0.00    0.00    8153         slabs_alloc [46]
                0.00    0.00    8074/8074        do_slabs_alloc [53]
-----------------------------------------------
                0.00    0.00    8149/8149        do_item_unlink [34]
[47]     0.0    0.00    0.00    8149         item_unlink_q [47]
                0.00    0.00    8211/8473        do_item_unlink_q [33]
-----------------------------------------------
                0.00    0.00    8128/8128        complete_nread [3]
[48]     0.0    0.00    0.00    8128         store_item [48]
                0.00    0.00    8378/99401       MurmurHash3_x86_32 [20]
                0.00    0.00    8098/8098        do_store_item [49]
-----------------------------------------------
                0.00    0.00    8098/8098        store_item [48]
[49]     0.0    0.00    0.00    8098         do_store_item [49]
                0.00    0.00    8252/86976       do_item_get [23]
                0.00    0.00    8226/26229       do_item_remove [25]
                0.00    0.00    8034/8034        item_replace [54]
                0.00    0.00      38/8160        do_item_link [45]
-----------------------------------------------
                0.00    0.00    8093/8093        do_item_alloc [39]
[50]     0.0    0.00    0.00    8093         do_item_alloc_pull [50]
                0.00    0.00    8153/8153        slabs_alloc [46]
-----------------------------------------------
                0.00    0.00    8091/8091        do_item_alloc [39]
[51]     0.0    0.00    0.00    8091         slabs_clsid [51]
-----------------------------------------------
                0.00    0.00    8080/8080        complete_nread [3]
[52]     0.0    0.00    0.00    8080         binary_get_request [52]
-----------------------------------------------
                0.00    0.00    8074/8074        slabs_alloc [46]
[53]     0.0    0.00    0.00    8074         do_slabs_alloc [53]
                0.00    0.00       1/1           do_slabs_newslab [84]
-----------------------------------------------
                0.00    0.00    8034/8034        do_store_item [49]
[54]     0.0    0.00    0.00    8034         item_replace [54]
                0.00    0.00    8308/8308        do_item_replace [35]
-----------------------------------------------
                0.00    0.00    7972/7972        complete_nread [3]
[55]     0.0    0.00    0.00    7972         item_alloc [55]
                0.00    0.00    8243/8243        do_item_alloc [39]
-----------------------------------------------
                0.00    0.00    3864/3864        lru_maintainer_thread [188]
[56]     0.0    0.00    0.00    3864         slabs_available_chunks [56]
-----------------------------------------------
                0.00    0.00     249/2427        logger_thread_read [66]
                0.00    0.00    2178/2427        lru_maintainer_thread [188]
[57]     0.0    0.00    0.00    2427         bipbuf_peek_all [57]
-----------------------------------------------
                0.00    0.00    1507/1507        lru_pull_tail [29]
[58]     0.0    0.00    0.00    1507         item_trylock_unlock [58]
-----------------------------------------------
                0.00    0.00    1484/1484        lru_pull_tail [29]
[59]     0.0    0.00    0.00    1484         item_trylock [59]
-----------------------------------------------
                0.00    0.00     255/255         lru_crawler_class_done [65]
[60]     0.0    0.00    0.00     255         crawler_expired_doneclass [60]
-----------------------------------------------
                0.00    0.00     255/255         item_crawler_thread [153]
[61]     0.0    0.00    0.00     255         do_item_crawl_q [61]
-----------------------------------------------
                0.00    0.00     255/255         lru_crawler_start [86]
[62]     0.0    0.00    0.00     255         do_item_linktail_q [62]
-----------------------------------------------
                0.00    0.00     255/255         lru_crawler_class_done [65]
[63]     0.0    0.00    0.00     255         do_item_stats_add_crawl [63]
-----------------------------------------------
                0.00    0.00     255/255         lru_crawler_class_done [65]
[64]     0.0    0.00    0.00     255         do_item_unlinktail_q [64]
-----------------------------------------------
                0.00    0.00     255/255         item_crawler_thread [153]
[65]     0.0    0.00    0.00     255         lru_crawler_class_done [65]
                0.00    0.00     255/255         do_item_unlinktail_q [64]
                0.00    0.00     255/255         do_item_stats_add_crawl [63]
                0.00    0.00     255/255         crawler_expired_doneclass [60]
-----------------------------------------------
                0.00    0.00     247/247         logger_thread [178]
[66]     0.0    0.00    0.00     247         logger_thread_read [66]
                0.00    0.00     249/2427        bipbuf_peek_all [57]
-----------------------------------------------
                                   2             conn_new [67]
                0.00    0.00       1/200         server_sockets [208]
                0.00    0.00     199/200         thread_libevent_process [243]
[67]     0.0    0.00    0.00     200+2       conn_new [67]
                0.00    0.00     403/18079       STATS_LOCK [26]
                0.00    0.00     402/17835       STATS_UNLOCK [27]
                                   2             conn_new [67]
-----------------------------------------------
                0.00    0.00     199/199         dispatch_conn_new [70]
[68]     0.0    0.00    0.00     199         cq_push [68]
-----------------------------------------------
                0.00    0.00     199/199         dispatch_conn_new [70]
[69]     0.0    0.00    0.00     199         cqi_new [69]
-----------------------------------------------
                0.00    0.00     199/199         drive_machine [1]
[70]     0.0    0.00    0.00     199         dispatch_conn_new [70]
                0.00    0.00     199/199         cqi_new [69]
                0.00    0.00     199/199         cq_push [68]
-----------------------------------------------
                0.00    0.00     192/192         conn_close [17]
[71]     0.0    0.00    0.00     192         conn_cleanup [71]
                0.00    0.00     196/88049       conn_release_items [21]
-----------------------------------------------
                0.00    0.00      52/52          logger_thread [178]
[72]     0.0    0.00    0.00      52         logger_thread_poll_watchers [72]
-----------------------------------------------
                0.00    0.00       4/9           item_lru_bump_buf_create [80]
                0.00    0.00       5/9           logger_create [77]
[73]     0.0    0.00    0.00       9         bipbuf_new [73]
-----------------------------------------------
                0.00    0.00       1/6           slab_automove_init [88]
                0.00    0.00       5/6           slab_automove_run [78]
[74]     0.0    0.00    0.00       6         fill_item_stats_automove [74]
-----------------------------------------------
                0.00    0.00       1/6           slab_automove_init [88]
                0.00    0.00       5/6           slab_automove_run [78]
[75]     0.0    0.00    0.00       6         fill_slab_stats_automove [75]
-----------------------------------------------
                0.00    0.00       5/5           clock_handler [114]
[76]     0.0    0.00    0.00       5         assoc_start_expand [76]
-----------------------------------------------
                0.00    0.00       1/5           lru_maintainer_thread [188]
                0.00    0.00       4/5           worker_libevent [251]
[77]     0.0    0.00    0.00       5         logger_create [77]
                0.00    0.00       5/9           bipbuf_new [73]
-----------------------------------------------
                0.00    0.00       5/5           lru_maintainer_thread [188]
[78]     0.0    0.00    0.00       5         slab_automove_run [78]
                0.00    0.00       5/6           fill_item_stats_automove [74]
                0.00    0.00       5/6           fill_slab_stats_automove [75]
-----------------------------------------------
                0.00    0.00       4/4           memcached_thread_init [191]
[79]     0.0    0.00    0.00       4         cache_create [79]
-----------------------------------------------
                0.00    0.00       4/4           worker_libevent [251]
[80]     0.0    0.00    0.00       4         item_lru_bump_buf_create [80]
                0.00    0.00       4/9           bipbuf_new [73]
-----------------------------------------------
                0.00    0.00       4/4           worker_libevent [251]
[81]     0.0    0.00    0.00       4         register_thread_initialized [81]
-----------------------------------------------
                0.00    0.00       1/1           item_crawler_thread [153]
[82]     0.0    0.00    0.00       1         crawler_expired_finalize [82]
-----------------------------------------------
                0.00    0.00       1/1           lru_crawler_start [86]
[83]     0.0    0.00    0.00       1         crawler_expired_init [83]
-----------------------------------------------
                0.00    0.00       1/1           do_slabs_alloc [53]
[84]     0.0    0.00    0.00       1         do_slabs_newslab [84]
                0.00    0.00    8738/16939       do_slabs_free [28]
                0.00    0.00       1/1           grow_slab_list [85]
                0.00    0.00       1/1           memory_allocate [87]
-----------------------------------------------
                0.00    0.00       1/1           do_slabs_newslab [84]
[85]     0.0    0.00    0.00       1         grow_slab_list [85]
-----------------------------------------------
                0.00    0.00       1/1           lru_maintainer_thread [188]
[86]     0.0    0.00    0.00       1         lru_crawler_start [86]
                0.00    0.00     256/18079       STATS_LOCK [26]
                0.00    0.00     256/17835       STATS_UNLOCK [27]
                0.00    0.00     255/255         do_item_linktail_q [62]
                0.00    0.00       1/1           crawler_expired_init [83]
-----------------------------------------------
                0.00    0.00       1/1           do_slabs_newslab [84]
[87]     0.0    0.00    0.00       1         memory_allocate [87]
-----------------------------------------------
                0.00    0.00       1/1           lru_maintainer_thread [188]
[88]     0.0    0.00    0.00       1         slab_automove_init [88]
                0.00    0.00       1/6           fill_item_stats_automove [74]
                0.00    0.00       1/6           fill_slab_stats_automove [75]
-----------------------------------------------

 This table describes the call tree of the program, and was sorted by
 the total amount of time spent in each function and its children.

 Each entry in this table consists of several lines.  The line with the
 index number at the left hand margin lists the current function.
 The lines above it list the functions that called this function,
 and the lines below it list the functions this one called.
 This line lists:
     index	A unique number given to each element of the table.
		Index numbers are sorted numerically.
		The index number is printed next to every function name so
		it is easier to look up where the function is in the table.

     % time	This is the percentage of the `total' time that was spent
		in this function and its children.  Note that due to
		different viewpoints, functions excluded by options, etc,
		these numbers will NOT add up to 100%.

     self	This is the total amount of time spent in this function.

     children	This is the total amount of time propagated into this
		function by its children.

     called	This is the number of times the function was called.
		If the function called itself recursively, the number
		only includes non-recursive calls, and is followed by
		a `+' and the number of recursive calls.

     name	The name of the current function.  The index number is
		printed after it.  If the function is a member of a
		cycle, the cycle number is printed between the
		function's name and the index number.


 For the function's parents, the fields have the following meanings:

     self	This is the amount of time that was propagated directly
		from the function into this parent.

     children	This is the amount of time that was propagated from
		the function's children into this parent.

     called	This is the number of times this parent called the
		function `/' the total number of times the function
		was called.  Recursive calls to the function are not
		included in the number after the `/'.

     name	This is the name of the parent.  The parent's index
		number is printed after it.  If the parent is a
		member of a cycle, the cycle number is printed between
		the name and the index number.

 If the parents of the function cannot be determined, the word
 `<spontaneous>' is printed in the `name' field, and all the other
 fields are blank.

 For the function's children, the fields have the following meanings:

     self	This is the amount of time that was propagated directly
		from the child into the function.

     children	This is the amount of time that was propagated from the
		child's children to the function.

     called	This is the number of times the function called
		this child `/' the total number of times the child
		was called.  Recursive calls by the child are not
		listed in the number after the `/'.

     name	This is the name of the child.  The child's index
		number is printed after it.  If the child is a
		member of a cycle, the cycle number is printed
		between the name and the index number.

 If there are any cycles (circles) in the call graph, there is an
 entry for the cycle-as-a-whole.  This entry shows who called the
 cycle (as parents) and the members of the cycle (as children.)
 The `+' recursive calls entry shows the number of function calls that
 were internal to the cycle, and the calls entry for each member shows,
 for that member, how many times it was called from other members of
 the cycle.

Copyright (C) 2012-2018 Free Software Foundation, Inc.

Copying and distribution of this file, with or without modification,
are permitted in any medium without royalty provided the copyright
notice and this notice are preserved.

Index by function name

  [20] MurmurHash3_x86_32     [61] do_item_crawl_q        [54] item_replace
  [26] STATS_LOCK             [23] do_item_get            [37] item_stats_sizes_add
  [27] STATS_UNLOCK           [45] do_item_link           [44] item_stats_sizes_remove
   [6] add_bin_header (memcached.c) [32] do_item_link_q (items.c) [59] item_trylock
  [12] add_iov (memcached.c)  [62] do_item_linktail_q     [58] item_trylock_unlock
  [18] add_msghdr (memcached.c) [25] do_item_remove       [47] item_unlink_q (items.c)
  [41] assoc_delete           [35] do_item_replace        [77] logger_create
  [22] assoc_find             [63] do_item_stats_add_crawl [72] logger_thread_poll_watchers (logger.c)
  [40] assoc_insert           [34] do_item_unlink         [66] logger_thread_read (logger.c)
  [76] assoc_start_expand     [33] do_item_unlink_q (items.c) [65] lru_crawler_class_done (crawler.c)
  [11] bin_read_key (memcached.c) [64] do_item_unlinktail_q [86] lru_crawler_start
  [52] binary_get_request (memcached.c) [53] do_slabs_alloc (slabs.c) [29] lru_pull_tail
  [73] bipbuf_new             [28] do_slabs_free (slabs.c) [87] memory_allocate (slabs.c)
  [57] bipbuf_peek_all        [84] do_slabs_newslab (slabs.c) [8] ntohll
  [79] cache_create           [49] do_store_item          [81] register_thread_initialized (thread.c)
   [3] complete_nread (memcached.c) [1] drive_machine (memcached.c) [88] slab_automove_init
  [71] conn_cleanup (memcached.c) [19] ensure_iov_space (memcached.c) [78] slab_automove_run
  [17] conn_close (memcached.c) [74] fill_item_stats_automove [46] slabs_alloc
  [67] conn_new               [75] fill_slab_stats_automove [56] slabs_available_chunks
  [21] conn_release_items (memcached.c) [43] get_cas_id   [51] slabs_clsid
   [7] conn_set_state (memcached.c) [85] grow_slab_list (slabs.c) [38] slabs_free
  [68] cq_push (thread.c)      [9] htonll                 [48] store_item
  [69] cqi_new (thread.c)     [55] item_alloc             [14] tcp_read (memcached.c)
  [60] crawler_expired_doneclass (crawler.c) [36] item_free [13] tcp_sendmsg (memcached.c)
  [82] crawler_expired_finalize (crawler.c) [10] item_get [15] try_read_command_asciiauth (memcached.c)
  [83] crawler_expired_init (crawler.c) [30] item_is_flushed [4] try_read_command_binary (memcached.c)
  [70] dispatch_conn_new      [31] item_link_q (items.c)  [16] try_read_command_negotiate (memcached.c)
  [39] do_item_alloc          [80] item_lru_bump_buf_create [24] update_event (memcached.c)
  [50] do_item_alloc_pull     [42] item_remove             [5] write_bin_error (memcached.c)
