Flat profile:

Each sample counts as 0.01 seconds.
  %   cumulative   self              self     total           
 time   seconds   seconds    calls  us/call  us/call  name    
 23.53      0.08     0.08    90304     0.89     3.75  drive_machine
 11.77      0.12     0.04    89430     0.45     0.45  ntohll
  5.88      0.14     0.02   170751     0.12     0.12  add_iov
  5.88      0.16     0.02   100316     0.20     0.20  MurmurHash3_x86_32
  5.88      0.18     0.02    89202     0.22     0.22  tcp_read
  5.88      0.20     0.02    87752     0.23     0.70  try_read_command_binary
  5.88      0.22     0.02    17964     1.11     1.11  STATS_LOCK
  2.94      0.23     0.01   542670     0.02     0.02  conn_set_state
  2.94      0.24     0.01    97671     0.10     1.64  complete_nread
  2.94      0.25     0.01    90074     0.11     0.11  tcp_sendmsg
  2.94      0.26     0.01    88911     0.11     0.11  htonll
  2.94      0.27     0.01    87595     0.11     0.11  do_item_get
  2.94      0.28     0.01    80352     0.12     0.44  item_get
  2.94      0.29     0.01    79760     0.13     0.50  write_bin_error
  2.94      0.30     0.01     8349     1.20     1.20  do_item_unlink_q
  2.94      0.31     0.01     8303     1.20     1.20  do_item_alloc
  2.94      0.32     0.01     8274     1.21     1.21  assoc_delete
  2.94      0.33     0.01     8241     1.21     1.21  assoc_insert
  2.94      0.34     0.01     8138     1.23     2.44  item_unlink_q
  0.00      0.34     0.00   180056     0.00     0.00  add_msghdr
  0.00      0.34     0.00   172698     0.00     0.00  ensure_iov_space
  0.00      0.34     0.00    91071     0.00     0.00  conn_release_items
  0.00      0.34     0.00    88907     0.00     0.23  add_bin_header
  0.00      0.34     0.00    88364     0.00     0.02  bin_read_key
  0.00      0.34     0.00    87930     0.00     0.00  assoc_find
  0.00      0.34     0.00    86834     0.00     0.00  update_event
  0.00      0.34     0.00    25773     0.00     0.00  do_item_remove
  0.00      0.34     0.00    17690     0.00     0.00  STATS_UNLOCK
  0.00      0.34     0.00    16992     0.00     0.00  do_slabs_free
  0.00      0.34     0.00    10990     0.00     0.03  lru_pull_tail
  0.00      0.34     0.00     8948     0.00     0.00  item_is_flushed
  0.00      0.34     0.00     8446     0.00     4.62  do_item_unlink
  0.00      0.34     0.00     8446     0.00     0.00  item_link_q
  0.00      0.34     0.00     8420     0.00     0.00  do_item_link_q
  0.00      0.34     0.00     8364     0.00     6.97  do_item_replace
  0.00      0.34     0.00     8343     0.00     0.00  slabs_free
  0.00      0.34     0.00     8342     0.00     0.25  try_read_command_asciiauth
  0.00      0.34     0.00     8302     0.00     0.00  item_free
  0.00      0.34     0.00     8279     0.00     0.00  item_stats_sizes_add
  0.00      0.34     0.00     8227     0.00     0.21  item_remove
  0.00      0.34     0.00     8225     0.00     2.36  do_item_link
  0.00      0.34     0.00     8222     0.00     0.00  get_cas_id
  0.00      0.34     0.00     8183     0.00     0.00  item_stats_sizes_remove
  0.00      0.34     0.00     8178     0.00     0.00  slabs_clsid
  0.00      0.34     0.00     8157     0.00     7.28  do_store_item
  0.00      0.34     0.00     8133     0.00     0.00  slabs_alloc
  0.00      0.34     0.00     8127     0.00     0.00  binary_get_request
  0.00      0.34     0.00     8125     0.00     7.51  store_item
  0.00      0.34     0.00     8091     0.00     1.24  item_alloc
  0.00      0.34     0.00     8081     0.00     0.00  do_slabs_alloc
  0.00      0.34     0.00     8080     0.00     7.22  item_replace
  0.00      0.34     0.00     8072     0.00     0.00  do_item_alloc_pull
  0.00      0.34     0.00     3571     0.00     0.00  slabs_available_chunks
  0.00      0.34     0.00     1755     0.00     0.00  bipbuf_peek_all
  0.00      0.34     0.00      891     0.00     0.00  item_trylock_unlock
  0.00      0.34     0.00      887     0.00     0.00  item_trylock
  0.00      0.34     0.00      255     0.00     0.00  crawler_expired_doneclass
  0.00      0.34     0.00      255     0.00     0.00  do_item_crawl_q
  0.00      0.34     0.00      255     0.00     0.00  do_item_linktail_q
  0.00      0.34     0.00      255     0.00     0.00  do_item_stats_add_crawl
  0.00      0.34     0.00      255     0.00     0.00  do_item_unlinktail_q
  0.00      0.34     0.00      255     0.00     0.00  lru_crawler_class_done
  0.00      0.34     0.00      245     0.00     0.00  logger_thread_read
  0.00      0.34     0.00      199     0.00     2.23  conn_new
  0.00      0.34     0.00      199     0.00     0.00  dispatch_conn_new
  0.00      0.34     0.00      197     0.00     1.15  conn_close
  0.00      0.34     0.00      197     0.00     0.00  cqi_new
  0.00      0.34     0.00      196     0.00     0.00  cq_push
  0.00      0.34     0.00      195     0.00     0.00  conn_cleanup
  0.00      0.34     0.00      165     0.00     0.69  try_read_command_negotiate
  0.00      0.34     0.00       50     0.00     0.00  logger_thread_poll_watchers
  0.00      0.34     0.00        9     0.00     0.00  bipbuf_new
  0.00      0.34     0.00        6     0.00     0.00  fill_slab_stats_automove
  0.00      0.34     0.00        5     0.00     0.00  assoc_start_expand
  0.00      0.34     0.00        5     0.00     0.00  fill_item_stats_automove
  0.00      0.34     0.00        5     0.00     0.00  logger_create
  0.00      0.34     0.00        5     0.00     0.00  slab_automove_run
  0.00      0.34     0.00        4     0.00     0.00  cache_create
  0.00      0.34     0.00        4     0.00     0.00  item_lru_bump_buf_create
  0.00      0.34     0.00        4     0.00     0.00  register_thread_initialized
  0.00      0.34     0.00        1     0.00     0.00  crawler_expired_finalize
  0.00      0.34     0.00        1     0.00     0.00  crawler_expired_init
  0.00      0.34     0.00        1     0.00     0.00  do_slabs_newslab
  0.00      0.34     0.00        1     0.00     0.00  grow_slab_list
  0.00      0.34     0.00        1     0.00   285.02  lru_crawler_start
  0.00      0.34     0.00        1     0.00     0.00  slab_automove_init

 %         the percentage of the total running time of the
time       program used by this function.

cumulative a running sum of the number of seconds accounted
 seconds   for by this function and those listed above it.

 self      the number of seconds accounted for by this
seconds    function alone.  This is the major sort for this
           listing.

calls      the number of times this function was invoked, if
           this function is profiled, else blank.

 self      the average number of milliseconds spent in this
ms/call    function per call, if this function is profiled,
	   else blank.

 total     the average number of milliseconds spent in this
ms/call    function and its descendents per call, if this
	   function is profiled, else blank.

name       the name of the function.  This is the minor sort
           for this listing. The index shows the location of
	   the function in the gprof listing. If the index is
	   in parenthesis it shows where it would appear in
	   the gprof listing if it were to be printed.

Copyright (C) 2012-2018 Free Software Foundation, Inc.

Copying and distribution of this file, with or without modification,
are permitted in any medium without royalty provided the copyright
notice and this notice are preserved.

		     Call graph (explanation follows)


granularity: each sample hit covers 2 byte(s) for 2.94% of 0.34 seconds

index % time    self  children    called     name
                0.08    0.26   90304/90304       event_handler [2]
[1]     99.5    0.08    0.26   90304         drive_machine [1]
                0.01    0.15   97671/97671       complete_nread [3]
                0.02    0.04   87589/87752       try_read_command_binary [4]
                0.02    0.00   89202/89202       tcp_read [16]
                0.01    0.00   90074/90074       tcp_sendmsg [20]
                0.01    0.00  354370/542670      conn_set_state [28]
                0.00    0.00     197/197         conn_close [37]
                0.00    0.00     165/165         try_read_command_negotiate [38]
                0.00    0.00   90876/91071       conn_release_items [46]
                0.00    0.00   86834/86834       update_event [48]
                0.00    0.00     199/199         dispatch_conn_new [76]
-----------------------------------------------
                                                 <spontaneous>
[2]     99.5    0.00    0.34                 event_handler [2]
                0.08    0.26   90304/90304       drive_machine [1]
-----------------------------------------------
                0.01    0.15   97671/97671       drive_machine [1]
[3]     47.1    0.01    0.15   97671         complete_nread [3]
                0.00    0.06    8125/8125        store_item [5]
                0.01    0.03   79760/79760       write_bin_error [10]
                0.01    0.03   80352/80352       item_get [12]
                0.00    0.01    8091/8091        item_alloc [27]
                0.00    0.00    8342/8342        try_read_command_asciiauth [29]
                0.00    0.00    8227/8227        item_remove [30]
                0.00    0.00    8280/542670      conn_set_state [28]
                0.00    0.00    8127/8127        binary_get_request [62]
-----------------------------------------------
                0.00    0.00     163/87752       try_read_command_negotiate [38]
                0.02    0.04   87589/87752       drive_machine [1]
[4]     18.1    0.02    0.04   87752         try_read_command_binary [4]
                0.04    0.00   89430/89430       ntohll [9]
                0.00    0.00   88364/88364       bin_read_key [31]
                0.00    0.00   90953/180056      add_msghdr [44]
-----------------------------------------------
                0.00    0.06    8125/8125        complete_nread [3]
[5]     17.9    0.00    0.06    8125         store_item [5]
                0.00    0.06    8157/8157        do_store_item [6]
                0.00    0.00    8357/100316      MurmurHash3_x86_32 [15]
-----------------------------------------------
                0.00    0.06    8157/8157        store_item [5]
[6]     17.5    0.00    0.06    8157         do_store_item [6]
                0.00    0.06    8080/8080        item_replace [8]
                0.00    0.00    8279/87595       do_item_get [22]
                0.00    0.00      43/8225        do_item_link [19]
                0.00    0.00    8281/25773       do_item_remove [49]
-----------------------------------------------
                0.00    0.06    8364/8364        item_replace [8]
[7]     17.1    0.00    0.06    8364         do_item_replace [7]
                0.00    0.04    8446/8446        do_item_unlink [11]
                0.00    0.02    8182/8225        do_item_link [19]
-----------------------------------------------
                0.00    0.06    8080/8080        do_store_item [6]
[8]     17.1    0.00    0.06    8080         item_replace [8]
                0.00    0.06    8364/8364        do_item_replace [7]
-----------------------------------------------
                0.04    0.00   89430/89430       try_read_command_binary [4]
[9]     11.8    0.04    0.00   89430         ntohll [9]
-----------------------------------------------
                0.01    0.03   79760/79760       complete_nread [3]
[10]    11.6    0.01    0.03   79760         write_bin_error [10]
                0.00    0.02   80431/88907       add_bin_header [13]
                0.01    0.00   80258/170751      add_iov [14]
                0.00    0.00   81900/542670      conn_set_state [28]
-----------------------------------------------
                0.00    0.04    8446/8446        do_item_replace [7]
[11]    11.5    0.00    0.04    8446         do_item_unlink [11]
                0.01    0.01    8138/8138        item_unlink_q [18]
                0.01    0.00    8274/8274        assoc_delete [25]
                0.01    0.00    8247/17964       STATS_LOCK [17]
                0.00    0.00    8183/8183        item_stats_sizes_remove [59]
                0.00    0.00    8149/17690       STATS_UNLOCK [50]
                0.00    0.00    8134/25773       do_item_remove [49]
-----------------------------------------------
                0.01    0.03   80352/80352       complete_nread [3]
[12]    10.4    0.01    0.03   80352         item_get [12]
                0.02    0.00   82596/100316      MurmurHash3_x86_32 [15]
                0.01    0.00   79316/87595       do_item_get [22]
-----------------------------------------------
                0.00    0.00    8476/88907       try_read_command_asciiauth [29]
                0.00    0.02   80431/88907       write_bin_error [10]
[13]     6.1    0.00    0.02   88907         add_bin_header [13]
                0.01    0.00   90493/170751      add_iov [14]
                0.01    0.00   88911/88911       htonll [21]
                0.00    0.00   89103/180056      add_msghdr [44]
-----------------------------------------------
                0.01    0.00   80258/170751      write_bin_error [10]
                0.01    0.00   90493/170751      add_bin_header [13]
[14]     5.9    0.02    0.00  170751         add_iov [14]
                0.00    0.00  172698/172698      ensure_iov_space [45]
-----------------------------------------------
                0.00    0.00     885/100316      lru_pull_tail [35]
                0.00    0.00    8357/100316      store_item [5]
                0.00    0.00    8478/100316      item_remove [30]
                0.02    0.00   82596/100316      item_get [12]
[15]     5.9    0.02    0.00  100316         MurmurHash3_x86_32 [15]
-----------------------------------------------
                0.02    0.00   89202/89202       drive_machine [1]
[16]     5.9    0.02    0.00   89202         tcp_read [16]
-----------------------------------------------
                0.00    0.00       1/17964       assoc_init [41]
                0.00    0.00       1/17964       logger_init [43]
                0.00    0.00       1/17964       item_crawler_thread [42]
                0.00    0.00      50/17964       logger_thread [39]
                0.00    0.00     200/17964       conn_close [37]
                0.00    0.00     256/17964       lru_crawler_start [36]
                0.00    0.00     388/17964       lru_maintainer_thread [32]
                0.00    0.00     399/17964       conn_new [33]
                0.01    0.00    8247/17964       do_item_unlink [11]
                0.01    0.00    8421/17964       do_item_link [19]
[17]     5.9    0.02    0.00   17964         STATS_LOCK [17]
-----------------------------------------------
                0.01    0.01    8138/8138        do_item_unlink [11]
[18]     5.8    0.01    0.01    8138         item_unlink_q [18]
                0.01    0.00    8227/8349        do_item_unlink_q [23]
-----------------------------------------------
                0.00    0.00      43/8225        do_store_item [6]
                0.00    0.02    8182/8225        do_item_replace [7]
[19]     5.7    0.00    0.02    8225         do_item_link [19]
                0.01    0.00    8241/8241        assoc_insert [26]
                0.01    0.00    8421/17964       STATS_LOCK [17]
                0.00    0.00    8328/8446        item_link_q [53]
                0.00    0.00    8279/8279        item_stats_sizes_add [57]
                0.00    0.00    8273/17690       STATS_UNLOCK [50]
                0.00    0.00    8222/8222        get_cas_id [58]
-----------------------------------------------
                0.01    0.00   90074/90074       drive_machine [1]
[20]     2.9    0.01    0.00   90074         tcp_sendmsg [20]
-----------------------------------------------
                0.01    0.00   88911/88911       add_bin_header [13]
[21]     2.9    0.01    0.00   88911         htonll [21]
-----------------------------------------------
                0.00    0.00    8279/87595       do_store_item [6]
                0.01    0.00   79316/87595       item_get [12]
[22]     2.9    0.01    0.00   87595         do_item_get [22]
                0.00    0.00   87930/87930       assoc_find [47]
                0.00    0.00    8073/8948        item_is_flushed [52]
-----------------------------------------------
                0.00    0.00     122/8349        lru_pull_tail [35]
                0.01    0.00    8227/8349        item_unlink_q [18]
[23]     2.9    0.01    0.00    8349         do_item_unlink_q [23]
-----------------------------------------------
                0.01    0.00    8303/8303        item_alloc [27]
[24]     2.9    0.01    0.00    8303         do_item_alloc [24]
                0.00    0.00    8178/8178        slabs_clsid [60]
                0.00    0.00    8072/8072        do_item_alloc_pull [64]
-----------------------------------------------
                0.01    0.00    8274/8274        do_item_unlink [11]
[25]     2.9    0.01    0.00    8274         assoc_delete [25]
-----------------------------------------------
                0.01    0.00    8241/8241        do_item_link [19]
[26]     2.9    0.01    0.00    8241         assoc_insert [26]
-----------------------------------------------
                0.00    0.01    8091/8091        complete_nread [3]
[27]     2.9    0.00    0.01    8091         item_alloc [27]
                0.01    0.00    8303/8303        do_item_alloc [24]
-----------------------------------------------
                0.00    0.00     195/542670      conn_close [37]
                0.00    0.00    8241/542670      try_read_command_asciiauth [29]
                0.00    0.00    8280/542670      complete_nread [3]
                0.00    0.00   81900/542670      write_bin_error [10]
                0.00    0.00   89684/542670      bin_read_key [31]
                0.01    0.00  354370/542670      drive_machine [1]
[28]     2.9    0.01    0.00  542670         conn_set_state [28]
-----------------------------------------------
                0.00    0.00    8342/8342        complete_nread [3]
[29]     0.6    0.00    0.00    8342         try_read_command_asciiauth [29]
                0.00    0.00    8476/88907       add_bin_header [13]
                0.00    0.00    8241/542670      conn_set_state [28]
-----------------------------------------------
                0.00    0.00    8227/8227        complete_nread [3]
[30]     0.5    0.00    0.00    8227         item_remove [30]
                0.00    0.00    8478/100316      MurmurHash3_x86_32 [15]
                0.00    0.00    8461/25773       do_item_remove [49]
-----------------------------------------------
                0.00    0.00   88364/88364       try_read_command_binary [4]
[31]     0.5    0.00    0.00   88364         bin_read_key [31]
                0.00    0.00   89684/542670      conn_set_state [28]
-----------------------------------------------
                                                 <spontaneous>
[32]     0.3    0.00    0.00                 lru_maintainer_thread [32]
                0.00    0.00     388/17964       STATS_LOCK [17]
                0.00    0.00   10990/10990       lru_pull_tail [35]
                0.00    0.00       1/1           lru_crawler_start [36]
                0.00    0.00    3571/3571        slabs_available_chunks [65]
                0.00    0.00    1508/1755        bipbuf_peek_all [66]
                0.00    0.00     364/17690       STATS_UNLOCK [50]
                0.00    0.00       5/5           slab_automove_run [86]
                0.00    0.00       1/5           logger_create [85]
                0.00    0.00       1/1           slab_automove_init [94]
-----------------------------------------------
                                   2             conn_new [33]
                0.00    0.00       1/199         server_sockets [40]
                0.00    0.00     198/199         thread_libevent_process [34]
[33]     0.1    0.00    0.00     199+2       conn_new [33]
                0.00    0.00     399/17964       STATS_LOCK [17]
                0.00    0.00     399/17690       STATS_UNLOCK [50]
                                   2             conn_new [33]
-----------------------------------------------
                                                 <spontaneous>
[34]     0.1    0.00    0.00                 thread_libevent_process [34]
                0.00    0.00     198/199         conn_new [33]
-----------------------------------------------
                0.00    0.00   10990/10990       lru_maintainer_thread [32]
[35]     0.1    0.00    0.00   10990         lru_pull_tail [35]
                0.00    0.00     885/100316      MurmurHash3_x86_32 [15]
                0.00    0.00     122/8349        do_item_unlink_q [23]
                0.00    0.00     897/25773       do_item_remove [49]
                0.00    0.00     891/891         item_trylock_unlock [67]
                0.00    0.00     887/887         item_trylock [68]
                0.00    0.00     875/8948        item_is_flushed [52]
                0.00    0.00     118/8446        item_link_q [53]
-----------------------------------------------
                0.00    0.00       1/1           lru_maintainer_thread [32]
[36]     0.1    0.00    0.00       1         lru_crawler_start [36]
                0.00    0.00     256/17964       STATS_LOCK [17]
                0.00    0.00     256/17690       STATS_UNLOCK [50]
                0.00    0.00     255/255         do_item_linktail_q [71]
                0.00    0.00       1/1           crawler_expired_init [91]
-----------------------------------------------
                0.00    0.00     197/197         drive_machine [1]
[37]     0.1    0.00    0.00     197         conn_close [37]
                0.00    0.00     200/17964       STATS_LOCK [17]
                0.00    0.00     195/542670      conn_set_state [28]
                0.00    0.00     195/195         conn_cleanup [79]
                0.00    0.00     195/17690       STATS_UNLOCK [50]
-----------------------------------------------
                0.00    0.00     165/165         drive_machine [1]
[38]     0.0    0.00    0.00     165         try_read_command_negotiate [38]
                0.00    0.00     163/87752       try_read_command_binary [4]
-----------------------------------------------
                                                 <spontaneous>
[39]     0.0    0.00    0.00                 logger_thread [39]
                0.00    0.00      50/17964       STATS_LOCK [17]
                0.00    0.00     245/245         logger_thread_read [75]
                0.00    0.00      51/17690       STATS_UNLOCK [50]
                0.00    0.00      50/50          logger_thread_poll_watchers [80]
-----------------------------------------------
                                                 <spontaneous>
[40]     0.0    0.00    0.00                 server_sockets [40]
                0.00    0.00       1/199         conn_new [33]
-----------------------------------------------
                                                 <spontaneous>
[41]     0.0    0.00    0.00                 assoc_init [41]
                0.00    0.00       1/17964       STATS_LOCK [17]
                0.00    0.00       1/17690       STATS_UNLOCK [50]
-----------------------------------------------
                                                 <spontaneous>
[42]     0.0    0.00    0.00                 item_crawler_thread [42]
                0.00    0.00       1/17964       STATS_LOCK [17]
                0.00    0.00     255/255         do_item_crawl_q [70]
                0.00    0.00     255/255         lru_crawler_class_done [74]
                0.00    0.00       1/17690       STATS_UNLOCK [50]
                0.00    0.00       1/1           crawler_expired_finalize [90]
-----------------------------------------------
                                                 <spontaneous>
[43]     0.0    0.00    0.00                 logger_init [43]
                0.00    0.00       1/17964       STATS_LOCK [17]
                0.00    0.00       1/17690       STATS_UNLOCK [50]
-----------------------------------------------
                0.00    0.00   89103/180056      add_bin_header [13]
                0.00    0.00   90953/180056      try_read_command_binary [4]
[44]     0.0    0.00    0.00  180056         add_msghdr [44]
-----------------------------------------------
                0.00    0.00  172698/172698      add_iov [14]
[45]     0.0    0.00    0.00  172698         ensure_iov_space [45]
-----------------------------------------------
                0.00    0.00     195/91071       conn_cleanup [79]
                0.00    0.00   90876/91071       drive_machine [1]
[46]     0.0    0.00    0.00   91071         conn_release_items [46]
-----------------------------------------------
                0.00    0.00   87930/87930       do_item_get [22]
[47]     0.0    0.00    0.00   87930         assoc_find [47]
-----------------------------------------------
                0.00    0.00   86834/86834       drive_machine [1]
[48]     0.0    0.00    0.00   86834         update_event [48]
-----------------------------------------------
                0.00    0.00     897/25773       lru_pull_tail [35]
                0.00    0.00    8134/25773       do_item_unlink [11]
                0.00    0.00    8281/25773       do_store_item [6]
                0.00    0.00    8461/25773       item_remove [30]
[49]     0.0    0.00    0.00   25773         do_item_remove [49]
                0.00    0.00    8302/8302        item_free [56]
-----------------------------------------------
                0.00    0.00       1/17690       assoc_init [41]
                0.00    0.00       1/17690       logger_init [43]
                0.00    0.00       1/17690       item_crawler_thread [42]
                0.00    0.00      51/17690       logger_thread [39]
                0.00    0.00     195/17690       conn_close [37]
                0.00    0.00     256/17690       lru_crawler_start [36]
                0.00    0.00     364/17690       lru_maintainer_thread [32]
                0.00    0.00     399/17690       conn_new [33]
                0.00    0.00    8149/17690       do_item_unlink [11]
                0.00    0.00    8273/17690       do_item_link [19]
[50]     0.0    0.00    0.00   17690         STATS_UNLOCK [50]
-----------------------------------------------
                0.00    0.00    8254/16992       slabs_free [55]
                0.00    0.00    8738/16992       do_slabs_newslab [92]
[51]     0.0    0.00    0.00   16992         do_slabs_free [51]
-----------------------------------------------
                0.00    0.00     875/8948        lru_pull_tail [35]
                0.00    0.00    8073/8948        do_item_get [22]
[52]     0.0    0.00    0.00    8948         item_is_flushed [52]
-----------------------------------------------
                0.00    0.00     118/8446        lru_pull_tail [35]
                0.00    0.00    8328/8446        do_item_link [19]
[53]     0.0    0.00    0.00    8446         item_link_q [53]
                0.00    0.00    8420/8420        do_item_link_q [54]
-----------------------------------------------
                0.00    0.00    8420/8420        item_link_q [53]
[54]     0.0    0.00    0.00    8420         do_item_link_q [54]
-----------------------------------------------
                0.00    0.00    8343/8343        item_free [56]
[55]     0.0    0.00    0.00    8343         slabs_free [55]
                0.00    0.00    8254/16992       do_slabs_free [51]
-----------------------------------------------
                0.00    0.00    8302/8302        do_item_remove [49]
[56]     0.0    0.00    0.00    8302         item_free [56]
                0.00    0.00    8343/8343        slabs_free [55]
-----------------------------------------------
                0.00    0.00    8279/8279        do_item_link [19]
[57]     0.0    0.00    0.00    8279         item_stats_sizes_add [57]
-----------------------------------------------
                0.00    0.00    8222/8222        do_item_link [19]
[58]     0.0    0.00    0.00    8222         get_cas_id [58]
-----------------------------------------------
                0.00    0.00    8183/8183        do_item_unlink [11]
[59]     0.0    0.00    0.00    8183         item_stats_sizes_remove [59]
-----------------------------------------------
                0.00    0.00    8178/8178        do_item_alloc [24]
[60]     0.0    0.00    0.00    8178         slabs_clsid [60]
-----------------------------------------------
                0.00    0.00    8133/8133        do_item_alloc_pull [64]
[61]     0.0    0.00    0.00    8133         slabs_alloc [61]
                0.00    0.00    8081/8081        do_slabs_alloc [63]
-----------------------------------------------
                0.00    0.00    8127/8127        complete_nread [3]
[62]     0.0    0.00    0.00    8127         binary_get_request [62]
-----------------------------------------------
                0.00    0.00    8081/8081        slabs_alloc [61]
[63]     0.0    0.00    0.00    8081         do_slabs_alloc [63]
                0.00    0.00       1/1           do_slabs_newslab [92]
-----------------------------------------------
                0.00    0.00    8072/8072        do_item_alloc [24]
[64]     0.0    0.00    0.00    8072         do_item_alloc_pull [64]
                0.00    0.00    8133/8133        slabs_alloc [61]
-----------------------------------------------
                0.00    0.00    3571/3571        lru_maintainer_thread [32]
[65]     0.0    0.00    0.00    3571         slabs_available_chunks [65]
-----------------------------------------------
                0.00    0.00     247/1755        logger_thread_read [75]
                0.00    0.00    1508/1755        lru_maintainer_thread [32]
[66]     0.0    0.00    0.00    1755         bipbuf_peek_all [66]
-----------------------------------------------
                0.00    0.00     891/891         lru_pull_tail [35]
[67]     0.0    0.00    0.00     891         item_trylock_unlock [67]
-----------------------------------------------
                0.00    0.00     887/887         lru_pull_tail [35]
[68]     0.0    0.00    0.00     887         item_trylock [68]
-----------------------------------------------
                0.00    0.00     255/255         lru_crawler_class_done [74]
[69]     0.0    0.00    0.00     255         crawler_expired_doneclass [69]
-----------------------------------------------
                0.00    0.00     255/255         item_crawler_thread [42]
[70]     0.0    0.00    0.00     255         do_item_crawl_q [70]
-----------------------------------------------
                0.00    0.00     255/255         lru_crawler_start [36]
[71]     0.0    0.00    0.00     255         do_item_linktail_q [71]
-----------------------------------------------
                0.00    0.00     255/255         lru_crawler_class_done [74]
[72]     0.0    0.00    0.00     255         do_item_stats_add_crawl [72]
-----------------------------------------------
                0.00    0.00     255/255         lru_crawler_class_done [74]
[73]     0.0    0.00    0.00     255         do_item_unlinktail_q [73]
-----------------------------------------------
                0.00    0.00     255/255         item_crawler_thread [42]
[74]     0.0    0.00    0.00     255         lru_crawler_class_done [74]
                0.00    0.00     255/255         do_item_unlinktail_q [73]
                0.00    0.00     255/255         do_item_stats_add_crawl [72]
                0.00    0.00     255/255         crawler_expired_doneclass [69]
-----------------------------------------------
                0.00    0.00     245/245         logger_thread [39]
[75]     0.0    0.00    0.00     245         logger_thread_read [75]
                0.00    0.00     247/1755        bipbuf_peek_all [66]
-----------------------------------------------
                0.00    0.00     199/199         drive_machine [1]
[76]     0.0    0.00    0.00     199         dispatch_conn_new [76]
                0.00    0.00     197/197         cqi_new [77]
                0.00    0.00     196/196         cq_push [78]
-----------------------------------------------
                0.00    0.00     197/197         dispatch_conn_new [76]
[77]     0.0    0.00    0.00     197         cqi_new [77]
-----------------------------------------------
                0.00    0.00     196/196         dispatch_conn_new [76]
[78]     0.0    0.00    0.00     196         cq_push [78]
-----------------------------------------------
                0.00    0.00     195/195         conn_close [37]
[79]     0.0    0.00    0.00     195         conn_cleanup [79]
                0.00    0.00     195/91071       conn_release_items [46]
-----------------------------------------------
                0.00    0.00      50/50          logger_thread [39]
[80]     0.0    0.00    0.00      50         logger_thread_poll_watchers [80]
-----------------------------------------------
                0.00    0.00       4/9           item_lru_bump_buf_create [88]
                0.00    0.00       5/9           logger_create [85]
[81]     0.0    0.00    0.00       9         bipbuf_new [81]
-----------------------------------------------
                0.00    0.00       1/6           slab_automove_init [94]
                0.00    0.00       5/6           slab_automove_run [86]
[82]     0.0    0.00    0.00       6         fill_slab_stats_automove [82]
-----------------------------------------------
                0.00    0.00       5/5           clock_handler [119]
[83]     0.0    0.00    0.00       5         assoc_start_expand [83]
-----------------------------------------------
                0.00    0.00       1/5           slab_automove_init [94]
                0.00    0.00       4/5           slab_automove_run [86]
[84]     0.0    0.00    0.00       5         fill_item_stats_automove [84]
-----------------------------------------------
                0.00    0.00       1/5           lru_maintainer_thread [32]
                0.00    0.00       4/5           worker_libevent [251]
[85]     0.0    0.00    0.00       5         logger_create [85]
                0.00    0.00       5/9           bipbuf_new [81]
-----------------------------------------------
                0.00    0.00       5/5           lru_maintainer_thread [32]
[86]     0.0    0.00    0.00       5         slab_automove_run [86]
                0.00    0.00       5/6           fill_slab_stats_automove [82]
                0.00    0.00       4/5           fill_item_stats_automove [84]
-----------------------------------------------
                0.00    0.00       4/4           memcached_thread_init [192]
[87]     0.0    0.00    0.00       4         cache_create [87]
-----------------------------------------------
                0.00    0.00       4/4           worker_libevent [251]
[88]     0.0    0.00    0.00       4         item_lru_bump_buf_create [88]
                0.00    0.00       4/9           bipbuf_new [81]
-----------------------------------------------
                0.00    0.00       4/4           worker_libevent [251]
[89]     0.0    0.00    0.00       4         register_thread_initialized [89]
-----------------------------------------------
                0.00    0.00       1/1           item_crawler_thread [42]
[90]     0.0    0.00    0.00       1         crawler_expired_finalize [90]
-----------------------------------------------
                0.00    0.00       1/1           lru_crawler_start [36]
[91]     0.0    0.00    0.00       1         crawler_expired_init [91]
-----------------------------------------------
                0.00    0.00       1/1           do_slabs_alloc [63]
[92]     0.0    0.00    0.00       1         do_slabs_newslab [92]
                0.00    0.00    8738/16992       do_slabs_free [51]
                0.00    0.00       1/1           grow_slab_list [93]
-----------------------------------------------
                0.00    0.00       1/1           do_slabs_newslab [92]
[93]     0.0    0.00    0.00       1         grow_slab_list [93]
-----------------------------------------------
                0.00    0.00       1/1           lru_maintainer_thread [32]
[94]     0.0    0.00    0.00       1         slab_automove_init [94]
                0.00    0.00       1/5           fill_item_stats_automove [84]
                0.00    0.00       1/6           fill_slab_stats_automove [82]
-----------------------------------------------

 This table describes the call tree of the program, and was sorted by
 the total amount of time spent in each function and its children.

 Each entry in this table consists of several lines.  The line with the
 index number at the left hand margin lists the current function.
 The lines above it list the functions that called this function,
 and the lines below it list the functions this one called.
 This line lists:
     index	A unique number given to each element of the table.
		Index numbers are sorted numerically.
		The index number is printed next to every function name so
		it is easier to look up where the function is in the table.

     % time	This is the percentage of the `total' time that was spent
		in this function and its children.  Note that due to
		different viewpoints, functions excluded by options, etc,
		these numbers will NOT add up to 100%.

     self	This is the total amount of time spent in this function.

     children	This is the total amount of time propagated into this
		function by its children.

     called	This is the number of times the function was called.
		If the function called itself recursively, the number
		only includes non-recursive calls, and is followed by
		a `+' and the number of recursive calls.

     name	The name of the current function.  The index number is
		printed after it.  If the function is a member of a
		cycle, the cycle number is printed between the
		function's name and the index number.


 For the function's parents, the fields have the following meanings:

     self	This is the amount of time that was propagated directly
		from the function into this parent.

     children	This is the amount of time that was propagated from
		the function's children into this parent.

     called	This is the number of times this parent called the
		function `/' the total number of times the function
		was called.  Recursive calls to the function are not
		included in the number after the `/'.

     name	This is the name of the parent.  The parent's index
		number is printed after it.  If the parent is a
		member of a cycle, the cycle number is printed between
		the name and the index number.

 If the parents of the function cannot be determined, the word
 `<spontaneous>' is printed in the `name' field, and all the other
 fields are blank.

 For the function's children, the fields have the following meanings:

     self	This is the amount of time that was propagated directly
		from the child into the function.

     children	This is the amount of time that was propagated from the
		child's children to the function.

     called	This is the number of times the function called
		this child `/' the total number of times the child
		was called.  Recursive calls by the child are not
		listed in the number after the `/'.

     name	This is the name of the child.  The child's index
		number is printed after it.  If the child is a
		member of a cycle, the cycle number is printed
		between the name and the index number.

 If there are any cycles (circles) in the call graph, there is an
 entry for the cycle-as-a-whole.  This entry shows who called the
 cycle (as parents) and the members of the cycle (as children.)
 The `+' recursive calls entry shows the number of function calls that
 were internal to the cycle, and the calls entry for each member shows,
 for that member, how many times it was called from other members of
 the cycle.

Copyright (C) 2012-2018 Free Software Foundation, Inc.

Copying and distribution of this file, with or without modification,
are permitted in any medium without royalty provided the copyright
notice and this notice are preserved.

Index by function name

  [15] MurmurHash3_x86_32     [70] do_item_crawl_q         [8] item_replace
  [17] STATS_LOCK             [22] do_item_get            [57] item_stats_sizes_add
  [50] STATS_UNLOCK           [19] do_item_link           [59] item_stats_sizes_remove
  [13] add_bin_header (memcached.c) [54] do_item_link_q (items.c) [68] item_trylock
  [14] add_iov (memcached.c)  [71] do_item_linktail_q     [67] item_trylock_unlock
  [44] add_msghdr (memcached.c) [49] do_item_remove       [18] item_unlink_q (items.c)
  [25] assoc_delete            [7] do_item_replace        [85] logger_create
  [47] assoc_find             [72] do_item_stats_add_crawl [80] logger_thread_poll_watchers (logger.c)
  [26] assoc_insert           [11] do_item_unlink         [75] logger_thread_read (logger.c)
  [83] assoc_start_expand     [23] do_item_unlink_q (items.c) [74] lru_crawler_class_done (crawler.c)
  [31] bin_read_key (memcached.c) [73] do_item_unlinktail_q [36] lru_crawler_start
  [62] binary_get_request (memcached.c) [63] do_slabs_alloc (slabs.c) [35] lru_pull_tail
  [81] bipbuf_new             [51] do_slabs_free (slabs.c) [9] ntohll
  [66] bipbuf_peek_all        [92] do_slabs_newslab (slabs.c) [89] register_thread_initialized (thread.c)
  [87] cache_create            [6] do_store_item          [94] slab_automove_init
   [3] complete_nread (memcached.c) [1] drive_machine (memcached.c) [86] slab_automove_run
  [79] conn_cleanup (memcached.c) [45] ensure_iov_space (memcached.c) [61] slabs_alloc
  [37] conn_close (memcached.c) [84] fill_item_stats_automove [65] slabs_available_chunks
  [33] conn_new               [82] fill_slab_stats_automove [60] slabs_clsid
  [46] conn_release_items (memcached.c) [58] get_cas_id   [55] slabs_free
  [28] conn_set_state (memcached.c) [93] grow_slab_list (slabs.c) [5] store_item
  [78] cq_push (thread.c)     [21] htonll                 [16] tcp_read (memcached.c)
  [77] cqi_new (thread.c)     [27] item_alloc             [20] tcp_sendmsg (memcached.c)
  [69] crawler_expired_doneclass (crawler.c) [56] item_free [29] try_read_command_asciiauth (memcached.c)
  [90] crawler_expired_finalize (crawler.c) [12] item_get  [4] try_read_command_binary (memcached.c)
  [91] crawler_expired_init (crawler.c) [52] item_is_flushed [38] try_read_command_negotiate (memcached.c)
  [76] dispatch_conn_new      [53] item_link_q (items.c)  [48] update_event (memcached.c)
  [24] do_item_alloc          [88] item_lru_bump_buf_create [10] write_bin_error (memcached.c)
  [64] do_item_alloc_pull     [30] item_remove
